<?xml version="1.0" encoding="UTF-8"?>
<!-- Generated by org.testng.reporters.JUnitReportReporter -->
<testsuite hostname="LAPTOP-P9PJBISD" failures="0" tests="3" name="excelDataProvider.dataDriven.dataProvide" time="0.017" errors="0" timestamp="2022-10-18T15:40:09 EDT" skipped="0">
  <testcase classname="excelDataProvider.dataDriven.dataProvide" name="testcaseData" time="0.002"/>
  <system-out/>
  <testcase classname="excelDataProvider.dataDriven.dataProvide" name="testcaseData" time="0.002"/>
  <system-out/>
  <testcase classname="excelDataProvider.dataDriven.dataProvide" name="testcaseData" time="0.013"/>
  <system-out/>
</testsuite> <!-- excelDataProvider.dataDriven.dataProvide -->
